
[INFO ] 2020-12-11 16:03:34.728 [restartedMain] FarmeaseApplication - Starting FarmeaseApplication using Java 1.8.0_271 on LAPTOP-V4QRL39L with PID 16976 (C:\Users\BK Vishal\AdvancedJAVA\farmease\target\classes started by BK Vishal in C:\Users\BK Vishal\AdvancedJAVA\farmease)
[DEBUG] 2020-12-11 16:03:34.739 [restartedMain] FarmeaseApplication - Running with Spring Boot v2.4.0, Spring v5.3.1
[INFO ] 2020-12-11 16:03:34.742 [restartedMain] FarmeaseApplication - No active profile set, falling back to default profiles: default
[INFO ] 2020-12-11 16:03:38.337 [restartedMain] FarmeaseApplication - Started FarmeaseApplication in 4.024 seconds (JVM running for 5.033)
[INFO ] 2020-12-11 16:03:38.345 [restartedMain] Poc - This is poc for logging if it is works or not
[DEBUG] 2020-12-11 16:03:38.345 [restartedMain] Poc - 1
[INFO ] 2020-12-11 16:03:38.345 [restartedMain] Poc - 2
[WARN ] 2020-12-11 16:03:38.345 [restartedMain] Poc - 3
[ERROR] 2020-12-11 16:03:38.345 [restartedMain] Poc - 4
[FATAL] 2020-12-11 16:03:38.345 [restartedMain] Poc - 5
[INFO ] 2020-12-11 16:03:47.929 [main] Poc - This is poc for logging if it is works or not
[DEBUG] 2020-12-11 16:03:47.936 [main] Poc - 1
[INFO ] 2020-12-11 16:03:47.936 [main] Poc - 2
[WARN ] 2020-12-11 16:03:47.936 [main] Poc - 3
[ERROR] 2020-12-11 16:03:47.936 [main] Poc - 4
[FATAL] 2020-12-11 16:03:47.936 [main] Poc - 5
[INFO ] 2020-12-11 16:48:33.980 [restartedMain] FarmeaseApplication - Starting FarmeaseApplication using Java 1.8.0_271 on LAPTOP-V4QRL39L with PID 16976 (C:\Users\BK Vishal\AdvancedJAVA\farmease\target\classes started by BK Vishal in C:\Users\BK Vishal\AdvancedJAVA\farmease)
[DEBUG] 2020-12-11 16:48:33.982 [restartedMain] FarmeaseApplication - Running with Spring Boot v2.4.0, Spring v5.3.1
[INFO ] 2020-12-11 16:48:33.982 [restartedMain] FarmeaseApplication - No active profile set, falling back to default profiles: default
[INFO ] 2020-12-11 16:48:34.986 [restartedMain] FarmeaseApplication - Started FarmeaseApplication in 1.082 seconds (JVM running for 2701.682)
[INFO ] 2020-12-11 16:48:34.991 [restartedMain] Poc - This is poc for logging if it is works or not
[DEBUG] 2020-12-11 16:48:34.992 [restartedMain] Poc - 1
[INFO ] 2020-12-11 16:48:34.992 [restartedMain] Poc - 2
[WARN ] 2020-12-11 16:48:34.992 [restartedMain] Poc - 3
[ERROR] 2020-12-11 16:48:34.992 [restartedMain] Poc - 4
[FATAL] 2020-12-11 16:48:34.992 [restartedMain] Poc - 5
[INFO ] 2020-12-11 16:49:04.604 [restartedMain] FarmeaseApplication - Starting FarmeaseApplication using Java 1.8.0_271 on LAPTOP-V4QRL39L with PID 16976 (C:\Users\BK Vishal\AdvancedJAVA\farmease\target\classes started by BK Vishal in C:\Users\BK Vishal\AdvancedJAVA\farmease)
[DEBUG] 2020-12-11 16:49:04.605 [restartedMain] FarmeaseApplication - Running with Spring Boot v2.4.0, Spring v5.3.1
[INFO ] 2020-12-11 16:49:04.606 [restartedMain] FarmeaseApplication - No active profile set, falling back to default profiles: default
[INFO ] 2020-12-11 16:49:05.565 [restartedMain] FarmeaseApplication - Started FarmeaseApplication in 1.082 seconds (JVM running for 2732.261)
[INFO ] 2020-12-11 17:46:22.257 [restartedMain] FarmeaseApplication - Starting FarmeaseApplication using Java 1.8.0_271 on LAPTOP-V4QRL39L with PID 14704 (C:\Users\BK Vishal\AdvancedJAVA\farmease\target\classes started by BK Vishal in C:\Users\BK Vishal\AdvancedJAVA\farmease)
[DEBUG] 2020-12-11 17:46:22.270 [restartedMain] FarmeaseApplication - Running with Spring Boot v2.4.0, Spring v5.3.1
[INFO ] 2020-12-11 17:46:22.272 [restartedMain] FarmeaseApplication - No active profile set, falling back to default profiles: default
[INFO ] 2020-12-11 17:47:58.763 [restartedMain] FarmeaseApplication - Starting FarmeaseApplication using Java 1.8.0_271 on LAPTOP-V4QRL39L with PID 12596 (C:\Users\BK Vishal\AdvancedJAVA\farmease\target\classes started by BK Vishal in C:\Users\BK Vishal\AdvancedJAVA\farmease)
[DEBUG] 2020-12-11 17:47:58.773 [restartedMain] FarmeaseApplication - Running with Spring Boot v2.4.0, Spring v5.3.1
[INFO ] 2020-12-11 17:47:58.775 [restartedMain] FarmeaseApplication - No active profile set, falling back to default profiles: default
[INFO ] 2020-12-11 17:49:53.027 [restartedMain] FarmeaseApplication - Starting FarmeaseApplication using Java 1.8.0_271 on LAPTOP-V4QRL39L with PID 13200 (C:\Users\BK Vishal\AdvancedJAVA\farmease\target\classes started by BK Vishal in C:\Users\BK Vishal\AdvancedJAVA\farmease)
[DEBUG] 2020-12-11 17:49:53.040 [restartedMain] FarmeaseApplication - Running with Spring Boot v2.4.0, Spring v5.3.1
[INFO ] 2020-12-11 17:49:53.042 [restartedMain] FarmeaseApplication - No active profile set, falling back to default profiles: default
[INFO ] 2020-12-11 18:00:46.631 [restartedMain] FarmeaseApplication - Starting FarmeaseApplication using Java 1.8.0_271 on LAPTOP-V4QRL39L with PID 14580 (C:\Users\BK Vishal\AdvancedJAVA\farmease\target\classes started by BK Vishal in C:\Users\BK Vishal\AdvancedJAVA\farmease)
[DEBUG] 2020-12-11 18:00:46.641 [restartedMain] FarmeaseApplication - Running with Spring Boot v2.4.0, Spring v5.3.1
[INFO ] 2020-12-11 18:00:46.643 [restartedMain] FarmeaseApplication - No active profile set, falling back to default profiles: default
[DEBUG] 2020-12-11 18:00:49.553 [restartedMain] Poc - autowired successfully
[INFO ] 2020-12-11 18:00:53.312 [restartedMain] FarmeaseApplication - Started FarmeaseApplication in 7.134 seconds (JVM running for 8.135)
[INFO ] 2020-12-11 18:00:53.318 [restartedMain] Poc - This is poc for logging if it is works or not
[DEBUG] 2020-12-11 18:00:53.318 [restartedMain] Poc - 1
[INFO ] 2020-12-11 18:00:53.318 [restartedMain] Poc - 2
[WARN ] 2020-12-11 18:00:53.318 [restartedMain] Poc - 3
[ERROR] 2020-12-11 18:00:53.318 [restartedMain] Poc - 4
[FATAL] 2020-12-11 18:00:53.318 [restartedMain] Poc - 5
[INFO ] 2020-12-11 18:08:07.063 [restartedMain] FarmeaseApplication - Starting FarmeaseApplication using Java 1.8.0_271 on LAPTOP-V4QRL39L with PID 1896 (C:\Users\BK Vishal\AdvancedJAVA\farmease\target\classes started by BK Vishal in C:\Users\BK Vishal\AdvancedJAVA\farmease)
[DEBUG] 2020-12-11 18:08:07.075 [restartedMain] FarmeaseApplication - Running with Spring Boot v2.4.0, Spring v5.3.1
[INFO ] 2020-12-11 18:08:07.076 [restartedMain] FarmeaseApplication - No active profile set, falling back to default profiles: default
[INFO ] 2020-12-11 18:08:12.667 [restartedMain] FarmeaseApplication - Started FarmeaseApplication in 5.992 seconds (JVM running for 6.879)
[INFO ] 2020-12-12 20:36:20.213 [restartedMain] FarmeaseApplication - Starting FarmeaseApplication using Java 1.8.0_271 on LAPTOP-V4QRL39L with PID 1928 (C:\Users\BK Vishal\AdvancedJAVA\farmease\target\classes started by BK Vishal in C:\Users\BK Vishal\AdvancedJAVA\farmease)
[DEBUG] 2020-12-12 20:36:20.244 [restartedMain] FarmeaseApplication - Running with Spring Boot v2.4.0, Spring v5.3.1
[INFO ] 2020-12-12 20:36:20.245 [restartedMain] FarmeaseApplication - No active profile set, falling back to default profiles: default
[DEBUG] 2020-12-12 20:36:24.763 [restartedMain] Poc - ****************************************
[DEBUG] 2020-12-12 20:36:24.763 [restartedMain] Poc - autowired successfully
[INFO ] 2020-12-12 20:36:30.508 [restartedMain] FarmeaseApplication - Started FarmeaseApplication in 11.257 seconds (JVM running for 13.617)
[INFO ] 2020-12-12 20:36:30.514 [restartedMain] Poc - This is poc for logging if it is works or not
[DEBUG] 2020-12-12 20:36:30.514 [restartedMain] Poc - 1
[INFO ] 2020-12-12 20:36:30.515 [restartedMain] Poc - 2
[WARN ] 2020-12-12 20:36:30.515 [restartedMain] Poc - 3
[ERROR] 2020-12-12 20:36:30.515 [restartedMain] Poc - 4
[FATAL] 2020-12-12 20:36:30.515 [restartedMain] Poc - 5
[INFO ] 2020-12-12 20:37:56.774 [restartedMain] FarmeaseApplication - Starting FarmeaseApplication using Java 1.8.0_271 on LAPTOP-V4QRL39L with PID 1928 (C:\Users\BK Vishal\AdvancedJAVA\farmease\target\classes started by BK Vishal in C:\Users\BK Vishal\AdvancedJAVA\farmease)
[DEBUG] 2020-12-12 20:37:56.776 [restartedMain] FarmeaseApplication - Running with Spring Boot v2.4.0, Spring v5.3.1
[INFO ] 2020-12-12 20:37:56.776 [restartedMain] FarmeaseApplication - No active profile set, falling back to default profiles: default
[DEBUG] 2020-12-12 20:37:57.447 [restartedMain] Poc - ****************************************
[DEBUG] 2020-12-12 20:37:57.447 [restartedMain] Poc - autowired successfully
[INFO ] 2020-12-12 20:37:57.715 [restartedMain] FarmeaseApplication - Started FarmeaseApplication in 0.998 seconds (JVM running for 100.823)
[INFO ] 2020-12-12 20:40:04.940 [restartedMain] FarmeaseApplication - Starting FarmeaseApplication using Java 1.8.0_271 on LAPTOP-V4QRL39L with PID 2144 (C:\Users\BK Vishal\AdvancedJAVA\farmease\target\classes started by BK Vishal in C:\Users\BK Vishal\AdvancedJAVA\farmease)
[DEBUG] 2020-12-12 20:40:04.952 [restartedMain] FarmeaseApplication - Running with Spring Boot v2.4.0, Spring v5.3.1
[INFO ] 2020-12-12 20:40:04.953 [restartedMain] FarmeaseApplication - No active profile set, falling back to default profiles: default
[DEBUG] 2020-12-12 20:40:07.937 [restartedMain] Poc - ****************************************
[DEBUG] 2020-12-12 20:40:07.938 [restartedMain] Poc - autowired successfully
[INFO ] 2020-12-13 23:06:11.683 [restartedMain] FarmeaseApplication - Starting FarmeaseApplication using Java 1.8.0_271 on LAPTOP-V4QRL39L with PID 1792 (C:\Users\BK Vishal\AdvancedJAVA\farmease\target\classes started by BK Vishal in C:\Users\BK Vishal\AdvancedJAVA\farmease)
[DEBUG] 2020-12-13 23:06:11.779 [restartedMain] FarmeaseApplication - Running with Spring Boot v2.4.0, Spring v5.3.1
[INFO ] 2020-12-13 23:06:11.782 [restartedMain] FarmeaseApplication - No active profile set, falling back to default profiles: default
[DEBUG] 2020-12-13 23:06:19.997 [restartedMain] Poc - ****************************************
[DEBUG] 2020-12-13 23:06:19.998 [restartedMain] Poc - autowired successfully
[INFO ] 2020-12-16 23:14:15.554 [restartedMain] FarmeaseApplication - Starting FarmeaseApplication using Java 1.8.0_271 on LAPTOP-V4QRL39L with PID 6928 (C:\Users\BK Vishal\AdvancedJAVA\farmease\target\classes started by BK Vishal in C:\Users\BK Vishal\AdvancedJAVA\farmease)
[DEBUG] 2020-12-16 23:14:15.614 [restartedMain] FarmeaseApplication - Running with Spring Boot v2.4.0, Spring v5.3.1
[INFO ] 2020-12-16 23:14:15.615 [restartedMain] FarmeaseApplication - No active profile set, falling back to default profiles: default
[DEBUG] 2020-12-16 23:14:23.031 [restartedMain] HomeAndSearch - HostuserRepo autowired
[INFO ] 2020-12-16 23:21:34.757 [restartedMain] FarmeaseApplication - Starting FarmeaseApplication using Java 1.8.0_271 on LAPTOP-V4QRL39L with PID 14504 (C:\Users\BK Vishal\AdvancedJAVA\farmease\target\classes started by BK Vishal in C:\Users\BK Vishal\AdvancedJAVA\farmease)
[DEBUG] 2020-12-16 23:21:34.770 [restartedMain] FarmeaseApplication - Running with Spring Boot v2.4.0, Spring v5.3.1
[INFO ] 2020-12-16 23:21:34.771 [restartedMain] FarmeaseApplication - The following profiles are active: @spring.profiles.active@
[INFO ] 2020-12-17 19:05:40.834 [restartedMain] FarmeaseApplication - Starting FarmeaseApplication using Java 1.8.0_271 on LAPTOP-V4QRL39L with PID 14084 (C:\Users\BK Vishal\AdvancedJAVA\farmease\target\classes started by BK Vishal in C:\Users\BK Vishal\AdvancedJAVA\farmease)
[DEBUG] 2020-12-17 19:05:40.856 [restartedMain] FarmeaseApplication - Running with Spring Boot v2.4.0, Spring v5.3.1
[INFO ] 2020-12-17 19:05:40.856 [restartedMain] FarmeaseApplication - The following profiles are active: @spring.profiles.active@
[INFO ] 2020-12-17 19:55:31.914 [restartedMain] FarmeaseApplication - Starting FarmeaseApplication using Java 1.8.0_271 on LAPTOP-V4QRL39L with PID 15592 (C:\Users\BK Vishal\AdvancedJAVA\farmease\target\classes started by BK Vishal in C:\Users\BK Vishal\AdvancedJAVA\farmease)
[DEBUG] 2020-12-17 19:55:31.928 [restartedMain] FarmeaseApplication - Running with Spring Boot v2.4.0, Spring v5.3.1
[INFO ] 2020-12-17 19:55:31.929 [restartedMain] FarmeaseApplication - The following profiles are active: @spring.profiles.active@
[INFO ] 2020-12-17 19:57:11.817 [restartedMain] FarmeaseApplication - Starting FarmeaseApplication using Java 1.8.0_271 on LAPTOP-V4QRL39L with PID 15800 (C:\Users\BK Vishal\AdvancedJAVA\farmease\target\classes started by BK Vishal in C:\Users\BK Vishal\AdvancedJAVA\farmease)
[DEBUG] 2020-12-17 19:57:11.838 [restartedMain] FarmeaseApplication - Running with Spring Boot v2.4.0, Spring v5.3.1
[INFO ] 2020-12-17 19:57:11.839 [restartedMain] FarmeaseApplication - The following profiles are active: @spring.profiles.active@
[INFO ] 2020-12-17 19:57:42.681 [restartedMain] FarmeaseApplication - Starting FarmeaseApplication using Java 1.8.0_271 on LAPTOP-V4QRL39L with PID 11040 (C:\Users\BK Vishal\AdvancedJAVA\farmease\target\classes started by BK Vishal in C:\Users\BK Vishal\AdvancedJAVA\farmease)
[DEBUG] 2020-12-17 19:57:42.693 [restartedMain] FarmeaseApplication - Running with Spring Boot v2.4.0, Spring v5.3.1
[INFO ] 2020-12-17 19:57:42.694 [restartedMain] FarmeaseApplication - The following profiles are active: @spring.profiles.active@
[INFO ] 2020-12-17 19:58:16.618 [restartedMain] FarmeaseApplication - Starting FarmeaseApplication using Java 1.8.0_271 on LAPTOP-V4QRL39L with PID 2340 (C:\Users\BK Vishal\AdvancedJAVA\farmease\target\classes started by BK Vishal in C:\Users\BK Vishal\AdvancedJAVA\farmease)
[DEBUG] 2020-12-17 19:58:16.632 [restartedMain] FarmeaseApplication - Running with Spring Boot v2.4.0, Spring v5.3.1
[INFO ] 2020-12-17 19:58:16.633 [restartedMain] FarmeaseApplication - The following profiles are active: @spring.profiles.active@
[INFO ] 2020-12-17 19:58:47.022 [restartedMain] FarmeaseApplication - Starting FarmeaseApplication using Java 1.8.0_271 on LAPTOP-V4QRL39L with PID 13244 (C:\Users\BK Vishal\AdvancedJAVA\farmease\target\classes started by BK Vishal in C:\Users\BK Vishal\AdvancedJAVA\farmease)
[DEBUG] 2020-12-17 19:58:47.037 [restartedMain] FarmeaseApplication - Running with Spring Boot v2.4.0, Spring v5.3.1
[INFO ] 2020-12-17 19:58:47.038 [restartedMain] FarmeaseApplication - The following profiles are active: @spring.profiles.active@
[INFO ] 2020-12-17 19:59:30.944 [restartedMain] FarmeaseApplication - Starting FarmeaseApplication using Java 1.8.0_271 on LAPTOP-V4QRL39L with PID 11540 (C:\Users\BK Vishal\AdvancedJAVA\farmease\target\classes started by BK Vishal in C:\Users\BK Vishal\AdvancedJAVA\farmease)
[DEBUG] 2020-12-17 19:59:30.955 [restartedMain] FarmeaseApplication - Running with Spring Boot v2.4.0, Spring v5.3.1
[INFO ] 2020-12-17 19:59:30.956 [restartedMain] FarmeaseApplication - The following profiles are active: @spring.profiles.active@
[INFO ] 2020-12-17 20:02:54.324 [restartedMain] FarmeaseApplication - Starting FarmeaseApplication using Java 1.8.0_271 on LAPTOP-V4QRL39L with PID 16776 (C:\Users\BK Vishal\AdvancedJAVA\farmease\target\classes started by BK Vishal in C:\Users\BK Vishal\AdvancedJAVA\farmease)
[DEBUG] 2020-12-17 20:02:54.337 [restartedMain] FarmeaseApplication - Running with Spring Boot v2.4.0, Spring v5.3.1
[INFO ] 2020-12-17 20:02:54.338 [restartedMain] FarmeaseApplication - The following profiles are active: @spring.profiles.active@
[INFO ] 2020-12-17 20:04:00.839 [restartedMain] FarmeaseApplication - Starting FarmeaseApplication using Java 1.8.0_271 on LAPTOP-V4QRL39L with PID 18284 (C:\Users\BK Vishal\AdvancedJAVA\farmease\target\classes started by BK Vishal in C:\Users\BK Vishal\AdvancedJAVA\farmease)
[DEBUG] 2020-12-17 20:04:00.857 [restartedMain] FarmeaseApplication - Running with Spring Boot v2.4.0, Spring v5.3.1
[INFO ] 2020-12-17 20:04:00.859 [restartedMain] FarmeaseApplication - No active profile set, falling back to default profiles: default
[INFO ] 2020-12-17 20:16:36.286 [restartedMain] FarmeaseApplication - Starting FarmeaseApplication using Java 1.8.0_271 on LAPTOP-V4QRL39L with PID 11856 (C:\Users\BK Vishal\AdvancedJAVA\farmease\target\classes started by BK Vishal in C:\Users\BK Vishal\AdvancedJAVA\farmease)
[DEBUG] 2020-12-17 20:16:36.297 [restartedMain] FarmeaseApplication - Running with Spring Boot v2.4.0, Spring v5.3.1
[INFO ] 2020-12-17 20:16:36.298 [restartedMain] FarmeaseApplication - No active profile set, falling back to default profiles: default
[INFO ] 2020-12-17 20:17:55.500 [restartedMain] FarmeaseApplication - Starting FarmeaseApplication using Java 1.8.0_271 on LAPTOP-V4QRL39L with PID 2684 (C:\Users\BK Vishal\AdvancedJAVA\farmease\target\classes started by BK Vishal in C:\Users\BK Vishal\AdvancedJAVA\farmease)
[DEBUG] 2020-12-17 20:17:55.514 [restartedMain] FarmeaseApplication - Running with Spring Boot v2.4.0, Spring v5.3.1
[INFO ] 2020-12-17 20:17:55.516 [restartedMain] FarmeaseApplication - No active profile set, falling back to default profiles: default
[INFO ] 2020-12-17 20:27:50.319 [restartedMain] FarmeaseApplication - Starting FarmeaseApplication using Java 1.8.0_271 on LAPTOP-V4QRL39L with PID 15852 (C:\Users\BK Vishal\AdvancedJAVA\farmease\target\classes started by BK Vishal in C:\Users\BK Vishal\AdvancedJAVA\farmease)
[DEBUG] 2020-12-17 20:27:50.331 [restartedMain] FarmeaseApplication - Running with Spring Boot v2.4.0, Spring v5.3.1
[INFO ] 2020-12-17 20:27:50.333 [restartedMain] FarmeaseApplication - No active profile set, falling back to default profiles: default
[INFO ] 2020-12-17 20:28:56.024 [restartedMain] FarmeaseApplication - Starting FarmeaseApplication using Java 1.8.0_271 on LAPTOP-V4QRL39L with PID 11580 (C:\Users\BK Vishal\AdvancedJAVA\farmease\target\classes started by BK Vishal in C:\Users\BK Vishal\AdvancedJAVA\farmease)
[DEBUG] 2020-12-17 20:28:56.035 [restartedMain] FarmeaseApplication - Running with Spring Boot v2.4.0, Spring v5.3.1
[INFO ] 2020-12-17 20:28:56.037 [restartedMain] FarmeaseApplication - No active profile set, falling back to default profiles: default
[INFO ] 2020-12-17 20:31:36.718 [restartedMain] FarmeaseApplication - Starting FarmeaseApplication using Java 1.8.0_271 on LAPTOP-V4QRL39L with PID 14752 (C:\Users\BK Vishal\AdvancedJAVA\farmease\target\classes started by BK Vishal in C:\Users\BK Vishal\AdvancedJAVA\farmease)
[DEBUG] 2020-12-17 20:31:36.730 [restartedMain] FarmeaseApplication - Running with Spring Boot v2.4.0, Spring v5.3.1
[INFO ] 2020-12-17 20:31:36.732 [restartedMain] FarmeaseApplication - No active profile set, falling back to default profiles: default
[INFO ] 2020-12-17 20:32:55.033 [restartedMain] FarmeaseApplication - Starting FarmeaseApplication using Java 1.8.0_271 on LAPTOP-V4QRL39L with PID 18252 (C:\Users\BK Vishal\AdvancedJAVA\farmease\target\classes started by BK Vishal in C:\Users\BK Vishal\AdvancedJAVA\farmease)
[DEBUG] 2020-12-17 20:32:55.049 [restartedMain] FarmeaseApplication - Running with Spring Boot v2.4.0, Spring v5.3.1
[INFO ] 2020-12-17 20:32:55.050 [restartedMain] FarmeaseApplication - No active profile set, falling back to default profiles: default
[INFO ] 2020-12-17 20:39:17.147 [restartedMain] FarmeaseApplication - Starting FarmeaseApplication using Java 1.8.0_271 on LAPTOP-V4QRL39L with PID 15912 (C:\Users\BK Vishal\AdvancedJAVA\farmease\target\classes started by BK Vishal in C:\Users\BK Vishal\AdvancedJAVA\farmease)
[DEBUG] 2020-12-17 20:39:17.158 [restartedMain] FarmeaseApplication - Running with Spring Boot v2.4.0, Spring v5.3.1
[INFO ] 2020-12-17 20:39:17.159 [restartedMain] FarmeaseApplication - No active profile set, falling back to default profiles: default
[INFO ] 2020-12-17 20:42:47.013 [restartedMain] FarmeaseApplication - Starting FarmeaseApplication using Java 1.8.0_271 on LAPTOP-V4QRL39L with PID 5044 (C:\Users\BK Vishal\AdvancedJAVA\farmease\target\classes started by BK Vishal in C:\Users\BK Vishal\AdvancedJAVA\farmease)
[DEBUG] 2020-12-17 20:42:47.024 [restartedMain] FarmeaseApplication - Running with Spring Boot v2.4.0, Spring v5.3.1
[INFO ] 2020-12-17 20:42:47.025 [restartedMain] FarmeaseApplication - No active profile set, falling back to default profiles: default
[INFO ] 2020-12-17 20:45:23.156 [restartedMain] FarmeaseApplication - Starting FarmeaseApplication using Java 1.8.0_271 on LAPTOP-V4QRL39L with PID 288 (C:\Users\BK Vishal\AdvancedJAVA\farmease\target\classes started by BK Vishal in C:\Users\BK Vishal\AdvancedJAVA\farmease)
[DEBUG] 2020-12-17 20:45:23.168 [restartedMain] FarmeaseApplication - Running with Spring Boot v2.4.0, Spring v5.3.1
[INFO ] 2020-12-17 20:45:23.170 [restartedMain] FarmeaseApplication - No active profile set, falling back to default profiles: default
[INFO ] 2020-12-17 20:46:55.787 [restartedMain] FarmeaseApplication - Starting FarmeaseApplication using Java 1.8.0_271 on LAPTOP-V4QRL39L with PID 14568 (C:\Users\BK Vishal\AdvancedJAVA\farmease\target\classes started by BK Vishal in C:\Users\BK Vishal\AdvancedJAVA\farmease)
[DEBUG] 2020-12-17 20:46:55.798 [restartedMain] FarmeaseApplication - Running with Spring Boot v2.4.0, Spring v5.3.1
[INFO ] 2020-12-17 20:46:55.800 [restartedMain] FarmeaseApplication - No active profile set, falling back to default profiles: default
[INFO ] 2020-12-17 20:47:32.465 [restartedMain] FarmeaseApplication - Starting FarmeaseApplication using Java 1.8.0_271 on LAPTOP-V4QRL39L with PID 13752 (C:\Users\BK Vishal\AdvancedJAVA\farmease\target\classes started by BK Vishal in C:\Users\BK Vishal\AdvancedJAVA\farmease)
[DEBUG] 2020-12-17 20:47:32.475 [restartedMain] FarmeaseApplication - Running with Spring Boot v2.4.0, Spring v5.3.1
[INFO ] 2020-12-17 20:47:32.477 [restartedMain] FarmeaseApplication - No active profile set, falling back to default profiles: default
[INFO ] 2020-12-17 20:49:48.356 [restartedMain] FarmeaseApplication - Starting FarmeaseApplication using Java 1.8.0_271 on LAPTOP-V4QRL39L with PID 6820 (C:\Users\BK Vishal\AdvancedJAVA\farmease\target\classes started by BK Vishal in C:\Users\BK Vishal\AdvancedJAVA\farmease)
[DEBUG] 2020-12-17 20:49:48.368 [restartedMain] FarmeaseApplication - Running with Spring Boot v2.4.0, Spring v5.3.1
[INFO ] 2020-12-17 20:49:48.369 [restartedMain] FarmeaseApplication - No active profile set, falling back to default profiles: default
[INFO ] 2020-12-17 20:51:09.770 [restartedMain] FarmeaseApplication - Starting FarmeaseApplication using Java 1.8.0_271 on LAPTOP-V4QRL39L with PID 6900 (C:\Users\BK Vishal\AdvancedJAVA\farmease\target\classes started by BK Vishal in C:\Users\BK Vishal\AdvancedJAVA\farmease)
[DEBUG] 2020-12-17 20:51:09.783 [restartedMain] FarmeaseApplication - Running with Spring Boot v2.4.0, Spring v5.3.1
[INFO ] 2020-12-17 20:51:09.784 [restartedMain] FarmeaseApplication - No active profile set, falling back to default profiles: default
[INFO ] 2020-12-17 20:51:47.332 [restartedMain] FarmeaseApplication - Starting FarmeaseApplication using Java 1.8.0_271 on LAPTOP-V4QRL39L with PID 15860 (C:\Users\BK Vishal\AdvancedJAVA\farmease\target\classes started by BK Vishal in C:\Users\BK Vishal\AdvancedJAVA\farmease)
[DEBUG] 2020-12-17 20:51:47.344 [restartedMain] FarmeaseApplication - Running with Spring Boot v2.4.0, Spring v5.3.1
[INFO ] 2020-12-17 20:51:47.345 [restartedMain] FarmeaseApplication - No active profile set, falling back to default profiles: default
[INFO ] 2020-12-17 20:57:35.135 [restartedMain] FarmeaseApplication - Starting FarmeaseApplication using Java 1.8.0_271 on LAPTOP-V4QRL39L with PID 16896 (C:\Users\BK Vishal\AdvancedJAVA\farmease\target\classes started by BK Vishal in C:\Users\BK Vishal\AdvancedJAVA\farmease)
[DEBUG] 2020-12-17 20:57:35.146 [restartedMain] FarmeaseApplication - Running with Spring Boot v2.4.0, Spring v5.3.1
[INFO ] 2020-12-17 20:57:35.148 [restartedMain] FarmeaseApplication - No active profile set, falling back to default profiles: default
[INFO ] 2020-12-17 21:00:38.143 [restartedMain] FarmeaseApplication - Starting FarmeaseApplication using Java 1.8.0_271 on LAPTOP-V4QRL39L with PID 16760 (C:\Users\BK Vishal\AdvancedJAVA\farmease\target\classes started by BK Vishal in C:\Users\BK Vishal\AdvancedJAVA\farmease)
[DEBUG] 2020-12-17 21:00:38.146 [restartedMain] FarmeaseApplication - Running with Spring Boot v2.4.0, Spring v5.3.1
[INFO ] 2020-12-17 21:00:38.148 [restartedMain] FarmeaseApplication - No active profile set, falling back to default profiles: default
[INFO ] 2020-12-17 21:00:55.345 [restartedMain] FarmeaseApplication - Starting FarmeaseApplication using Java 1.8.0_271 on LAPTOP-V4QRL39L with PID 3384 (C:\Users\BK Vishal\AdvancedJAVA\farmease\target\classes started by BK Vishal in C:\Users\BK Vishal\AdvancedJAVA\farmease)
[DEBUG] 2020-12-17 21:00:55.350 [restartedMain] FarmeaseApplication - Running with Spring Boot v2.4.0, Spring v5.3.1
[INFO ] 2020-12-17 21:00:55.351 [restartedMain] FarmeaseApplication - No active profile set, falling back to default profiles: default
[INFO ] 2020-12-17 21:01:14.569 [restartedMain] FarmeaseApplication - Starting FarmeaseApplication using Java 1.8.0_271 on LAPTOP-V4QRL39L with PID 7380 (C:\Users\BK Vishal\AdvancedJAVA\farmease\target\classes started by BK Vishal in C:\Users\BK Vishal\AdvancedJAVA\farmease)
[DEBUG] 2020-12-17 21:01:14.582 [restartedMain] FarmeaseApplication - Running with Spring Boot v2.4.0, Spring v5.3.1
[INFO ] 2020-12-17 21:01:14.584 [restartedMain] FarmeaseApplication - No active profile set, falling back to default profiles: default
[INFO ] 2020-12-17 21:02:09.657 [restartedMain] FarmeaseApplication - Starting FarmeaseApplication using Java 1.8.0_271 on LAPTOP-V4QRL39L with PID 13216 (C:\Users\BK Vishal\AdvancedJAVA\farmease\target\classes started by BK Vishal in C:\Users\BK Vishal\AdvancedJAVA\farmease)
[DEBUG] 2020-12-17 21:02:09.671 [restartedMain] FarmeaseApplication - Running with Spring Boot v2.4.0, Spring v5.3.1
[INFO ] 2020-12-17 21:02:09.673 [restartedMain] FarmeaseApplication - No active profile set, falling back to default profiles: default
[INFO ] 2020-12-17 21:11:05.182 [restartedMain] FarmeaseApplication - Starting FarmeaseApplication using Java 1.8.0_271 on LAPTOP-V4QRL39L with PID 8068 (C:\Users\BK Vishal\AdvancedJAVA\farmease\target\classes started by BK Vishal in C:\Users\BK Vishal\AdvancedJAVA\farmease)
[DEBUG] 2020-12-17 21:11:05.199 [restartedMain] FarmeaseApplication - Running with Spring Boot v2.4.0, Spring v5.3.1
[INFO ] 2020-12-17 21:11:05.200 [restartedMain] FarmeaseApplication - No active profile set, falling back to default profiles: default
[INFO ] 2020-12-17 21:11:30.343 [restartedMain] FarmeaseApplication - Starting FarmeaseApplication using Java 1.8.0_271 on LAPTOP-V4QRL39L with PID 7144 (C:\Users\BK Vishal\AdvancedJAVA\farmease\target\classes started by BK Vishal in C:\Users\BK Vishal\AdvancedJAVA\farmease)
[DEBUG] 2020-12-17 21:11:30.356 [restartedMain] FarmeaseApplication - Running with Spring Boot v2.4.0, Spring v5.3.1
[INFO ] 2020-12-17 21:11:30.357 [restartedMain] FarmeaseApplication - No active profile set, falling back to default profiles: default
[INFO ] 2020-12-17 21:13:58.739 [restartedMain] FarmeaseApplication - Starting FarmeaseApplication using Java 1.8.0_271 on LAPTOP-V4QRL39L with PID 17832 (C:\Users\BK Vishal\AdvancedJAVA\farmease\target\classes started by BK Vishal in C:\Users\BK Vishal\AdvancedJAVA\farmease)
[DEBUG] 2020-12-17 21:13:58.750 [restartedMain] FarmeaseApplication - Running with Spring Boot v2.4.0, Spring v5.3.1
[INFO ] 2020-12-17 21:13:58.752 [restartedMain] FarmeaseApplication - No active profile set, falling back to default profiles: default
[DEBUG] 2020-12-17 21:14:01.797 [restartedMain] Poc - autowired successfully
[INFO ] 2020-12-17 21:14:57.161 [restartedMain] FarmeaseApplication - Starting FarmeaseApplication using Java 1.8.0_271 on LAPTOP-V4QRL39L with PID 15596 (C:\Users\BK Vishal\AdvancedJAVA\farmease\target\classes started by BK Vishal in C:\Users\BK Vishal\AdvancedJAVA\farmease)
[DEBUG] 2020-12-17 21:14:57.172 [restartedMain] FarmeaseApplication - Running with Spring Boot v2.4.0, Spring v5.3.1
[INFO ] 2020-12-17 21:14:57.173 [restartedMain] FarmeaseApplication - No active profile set, falling back to default profiles: default
[DEBUG] 2020-12-17 21:15:00.299 [restartedMain] Poc - autowired successfully
[INFO ] 2020-12-17 21:16:35.791 [restartedMain] FarmeaseApplication - Starting FarmeaseApplication using Java 1.8.0_271 on LAPTOP-V4QRL39L with PID 12824 (C:\Users\BK Vishal\AdvancedJAVA\farmease\target\classes started by BK Vishal in C:\Users\BK Vishal\AdvancedJAVA\farmease)
[DEBUG] 2020-12-17 21:16:35.802 [restartedMain] FarmeaseApplication - Running with Spring Boot v2.4.0, Spring v5.3.1
[INFO ] 2020-12-17 21:16:35.804 [restartedMain] FarmeaseApplication - No active profile set, falling back to default profiles: default
[DEBUG] 2020-12-17 21:16:38.781 [restartedMain] Poc - autowired successfully
[INFO ] 2020-12-17 21:21:11.016 [restartedMain] FarmeaseApplication - Starting FarmeaseApplication using Java 1.8.0_271 on LAPTOP-V4QRL39L with PID 17200 (C:\Users\BK Vishal\AdvancedJAVA\farmease\target\classes started by BK Vishal in C:\Users\BK Vishal\AdvancedJAVA\farmease)
[DEBUG] 2020-12-17 21:21:11.035 [restartedMain] FarmeaseApplication - Running with Spring Boot v2.4.0, Spring v5.3.1
[INFO ] 2020-12-17 21:21:11.037 [restartedMain] FarmeaseApplication - No active profile set, falling back to default profiles: default
[DEBUG] 2020-12-17 21:21:15.188 [restartedMain] Poc - autowired successfully
[INFO ] 2020-12-17 21:26:28.504 [restartedMain] FarmeaseApplication - Starting FarmeaseApplication using Java 1.8.0_271 on LAPTOP-V4QRL39L with PID 18072 (C:\Users\BK Vishal\AdvancedJAVA\farmease\target\classes started by BK Vishal in C:\Users\BK Vishal\AdvancedJAVA\farmease)
[DEBUG] 2020-12-17 21:26:28.517 [restartedMain] FarmeaseApplication - Running with Spring Boot v2.4.0, Spring v5.3.1
[INFO ] 2020-12-17 21:26:28.519 [restartedMain] FarmeaseApplication - No active profile set, falling back to default profiles: default
[DEBUG] 2020-12-17 21:26:31.826 [restartedMain] Poc - autowired successfully
